\\mac\home\downloads\ant-sdk_pc.3.5_1_mod\debug\ant_wrappedlib.lib
\\mac\home\downloads\ant-sdk_pc.3.5_1_mod\debug\ant_wrappedlib.exp
\\mac\home\downloads\ant-sdk_pc.3.5_1_mod\ant_unmanaged_wrapper\obj\debug\vc142.pdb
\\mac\home\downloads\ant-sdk_pc.3.5_1_mod\ant_unmanaged_wrapper\obj\debug\dll_exports.obj
\\mac\home\downloads\ant-sdk_pc.3.5_1_mod\debug\ant_wrappedlib.ilk
\\mac\home\downloads\ant-sdk_pc.3.5_1_mod\debug\ant_wrappedlib.dll
\\mac\home\downloads\ant-sdk_pc.3.5_1_mod\debug\ant_wrappedlib.pdb
\\mac\home\downloads\ant-sdk_pc.3.5_1_mod\ant_unmanaged_wrapper\obj\debug\ant_unmanaged_wrapper.res
c:\users\lorenzo\documents\university\tesi magistrale\gestione ant\ant_prova-sdk_pc.3.5_consalvataggio\ant_unmanaged_wrapper\obj\debug\dll_exports.obj
c:\users\lorenzo\documents\university\tesi magistrale\gestione ant\ant_prova-sdk_pc.3.5_consalvataggio\ant_unmanaged_wrapper\obj\debug\ant_unmanaged_wrapper.res
c:\users\lorenzo\documents\university\tesi magistrale\gestione ant\ant_prova-sdk_pc.3.5_consalvataggio\ant_unmanaged_wrapper\obj\debug\vc142.pdb
c:\users\lorenzo\documents\university\tesi magistrale\gestione ant\ant_prova-sdk_pc.3.5_consalvataggio\debug\ant_wrappedlib.pdb
c:\users\lorenzo\documents\university\tesi magistrale\gestione ant\ant_prova-sdk_pc.3.5_consalvataggio\debug\ant_wrappedlib.dll
c:\users\lorenzo\documents\university\tesi magistrale\gestione ant\ant_prova-sdk_pc.3.5_consalvataggio\debug\ant_wrappedlib.ilk
c:\users\lorenzo\documents\university\tesi magistrale\gestione ant\ant_prova-sdk_pc.3.5_consalvataggio\ant_unmanaged_wrapper\obj\debug\ant_unma.9a6b935c.tlog\ant_unmanaged_wrapper.write.1u.tlog
c:\users\lorenzo\documents\university\tesi magistrale\gestione ant\ant_prova-sdk_pc.3.5_consalvataggio\ant_unmanaged_wrapper\obj\debug\ant_unma.9a6b935c.tlog\cl.command.1.tlog
c:\users\lorenzo\documents\university\tesi magistrale\gestione ant\ant_prova-sdk_pc.3.5_consalvataggio\ant_unmanaged_wrapper\obj\debug\ant_unma.9a6b935c.tlog\cl.read.1.tlog
c:\users\lorenzo\documents\university\tesi magistrale\gestione ant\ant_prova-sdk_pc.3.5_consalvataggio\ant_unmanaged_wrapper\obj\debug\ant_unma.9a6b935c.tlog\cl.write.1.tlog
c:\users\lorenzo\documents\university\tesi magistrale\gestione ant\ant_prova-sdk_pc.3.5_consalvataggio\ant_unmanaged_wrapper\obj\debug\ant_unma.9a6b935c.tlog\link.command.1.tlog
c:\users\lorenzo\documents\university\tesi magistrale\gestione ant\ant_prova-sdk_pc.3.5_consalvataggio\ant_unmanaged_wrapper\obj\debug\ant_unma.9a6b935c.tlog\link.read.1.tlog
c:\users\lorenzo\documents\university\tesi magistrale\gestione ant\ant_prova-sdk_pc.3.5_consalvataggio\ant_unmanaged_wrapper\obj\debug\ant_unma.9a6b935c.tlog\link.write.1.tlog
c:\users\lorenzo\documents\university\tesi magistrale\gestione ant\ant_prova-sdk_pc.3.5_consalvataggio\ant_unmanaged_wrapper\obj\debug\ant_unma.9a6b935c.tlog\rc.command.1.tlog
c:\users\lorenzo\documents\university\tesi magistrale\gestione ant\ant_prova-sdk_pc.3.5_consalvataggio\ant_unmanaged_wrapper\obj\debug\ant_unma.9a6b935c.tlog\rc.read.1.tlog
c:\users\lorenzo\documents\university\tesi magistrale\gestione ant\ant_prova-sdk_pc.3.5_consalvataggio\ant_unmanaged_wrapper\obj\debug\ant_unma.9a6b935c.tlog\rc.write.1.tlog
