c:\users\stefa\desktop\file_tesisti\ant_prova-sdk_pc.3.5_consalvataggio\demo_lib\release\vc142.pdb
c:\users\stefa\desktop\file_tesisti\ant_prova-sdk_pc.3.5_consalvataggio\demo_lib\release\demo.obj
c:\users\stefa\desktop\file_tesisti\ant_prova-sdk_pc.3.5_consalvataggio\release\demo_lib.ipdb
c:\users\stefa\desktop\file_tesisti\ant_prova-sdk_pc.3.5_consalvataggio\release\demo_lib.iobj
c:\users\stefa\desktop\file_tesisti\ant_prova-sdk_pc.3.5_consalvataggio\release\demo_lib.exe
c:\users\stefa\desktop\file_tesisti\ant_prova-sdk_pc.3.5_consalvataggio\release\demo_lib.pdb
c:\users\stefa\desktop\file_tesisti\ant_prova-sdk_pc.3.5_consalvataggio\demo_lib\release\demo_lib.res
c:\users\stefano\desktop\ant_con_stop\demo_lib\release\demo.obj
c:\users\stefano\desktop\ant_con_stop\demo_lib\release\demo_lib.res
c:\users\stefano\desktop\ant_con_stop\demo_lib\release\vc142.pdb
c:\users\stefano\desktop\ant_con_stop\release\demo_lib.pdb
c:\users\stefano\desktop\ant_con_stop\release\demo_lib.exe
c:\users\stefano\desktop\ant_con_stop\demo_lib\release\demo_lib.tlog\cl.command.1.tlog
c:\users\stefano\desktop\ant_con_stop\demo_lib\release\demo_lib.tlog\cl.read.1.tlog
c:\users\stefano\desktop\ant_con_stop\demo_lib\release\demo_lib.tlog\cl.write.1.tlog
c:\users\stefano\desktop\ant_con_stop\demo_lib\release\demo_lib.tlog\demo_lib.write.1u.tlog
c:\users\stefano\desktop\ant_con_stop\demo_lib\release\demo_lib.tlog\link.command.1.tlog
c:\users\stefano\desktop\ant_con_stop\demo_lib\release\demo_lib.tlog\link.read.1.tlog
c:\users\stefano\desktop\ant_con_stop\demo_lib\release\demo_lib.tlog\link.write.1.tlog
c:\users\stefano\desktop\ant_con_stop\demo_lib\release\demo_lib.tlog\rc.command.1.tlog
c:\users\stefano\desktop\ant_con_stop\demo_lib\release\demo_lib.tlog\rc.read.1.tlog
c:\users\stefano\desktop\ant_con_stop\demo_lib\release\demo_lib.tlog\rc.write.1.tlog
