C:\Program Files (x86)\Microsoft Visual Studio\2019\Community\MSBuild\Microsoft\VC\v160\Microsoft.CppBuild.targets(452,5): warning MSB8028: The intermediate directory (Release\) contains files shared from another project (DEMO_DLL 2.vcxproj).  This can lead to incorrect clean and rebuild behavior.
  demo.cpp
\\Mac\Home\Desktop\ANT_PROVA-SDK_PC.3.5_MOD_3\DEMO_DLL\demo.cpp(154,13): warning C4477:  'scanf': con la stringa di formato '%u' è necessario un argomento di tipo 'unsigned int *', ma il tipo dell'argomento variadic 1 è 'UCHAR *'
\\Mac\Home\Desktop\ANT_PROVA-SDK_PC.3.5_MOD_3\DEMO_DLL\demo.cpp(154,13): message :  provare a usare '%hhu' nella stringa di formato
\\Mac\Home\Desktop\ANT_PROVA-SDK_PC.3.5_MOD_3\DEMO_DLL\demo.cpp(157,18): warning C4477:  'sscanf': con la stringa di formato '%u' è necessario un argomento di tipo 'unsigned int *', ma il tipo dell'argomento variadic 1 è 'UCHAR *'
\\Mac\Home\Desktop\ANT_PROVA-SDK_PC.3.5_MOD_3\DEMO_DLL\demo.cpp(157,18): message :  provare a usare '%hhu' nella stringa di formato
\\Mac\Home\Desktop\ANT_PROVA-SDK_PC.3.5_MOD_3\DEMO_DLL\demo.cpp(154,1): warning C4996:  'scanf': This function or variable may be unsafe. Consider using scanf_s instead. To disable deprecation, use _CRT_SECURE_NO_WARNINGS. See online help for details.
C:\Program Files (x86)\Windows Kits\10\Include\10.0.18362.0\ucrt\stdio.h(1274): message :  vedere la dichiarazione di 'scanf'
\\Mac\Home\Desktop\ANT_PROVA-SDK_PC.3.5_MOD_3\DEMO_DLL\demo.cpp(157,1): warning C4996:  'sscanf': This function or variable may be unsafe. Consider using sscanf_s instead. To disable deprecation, use _CRT_SECURE_NO_WARNINGS. See online help for details.
C:\Program Files (x86)\Windows Kits\10\Include\10.0.18362.0\ucrt\stdio.h(2263): message :  vedere la dichiarazione di 'sscanf'
\\Mac\Home\Desktop\ANT_PROVA-SDK_PC.3.5_MOD_3\DEMO_DLL\demo.cpp(208,21): warning C4477:  'sscanf': con la stringa di formato '%u' è necessario un argomento di tipo 'unsigned int *', ma il tipo dell'argomento variadic 1 è 'UCHAR *'
\\Mac\Home\Desktop\ANT_PROVA-SDK_PC.3.5_MOD_3\DEMO_DLL\demo.cpp(208,21): message :  provare a usare '%hhu' nella stringa di formato
\\Mac\Home\Desktop\ANT_PROVA-SDK_PC.3.5_MOD_3\DEMO_DLL\demo.cpp(208,1): warning C4996:  'sscanf': This function or variable may be unsafe. Consider using sscanf_s instead. To disable deprecation, use _CRT_SECURE_NO_WARNINGS. See online help for details.
C:\Program Files (x86)\Windows Kits\10\Include\10.0.18362.0\ucrt\stdio.h(2263): message :  vedere la dichiarazione di 'sscanf'
\\Mac\Home\Desktop\ANT_PROVA-SDK_PC.3.5_MOD_3\DEMO_DLL\demo.cpp(233,1): warning C4996:  'sscanf': This function or variable may be unsafe. Consider using sscanf_s instead. To disable deprecation, use _CRT_SECURE_NO_WARNINGS. See online help for details.
  libant.cpp
C:\Program Files (x86)\Windows Kits\10\Include\10.0.18362.0\ucrt\stdio.h(2263): message :  vedere la dichiarazione di 'sscanf'
  Generazione codice in corso...
  Previous IPDB not found, fall back to full compilation.
  All 16 functions were compiled because no usable IPDB/IOBJ from previous compilation was found.
  Generazione codice terminata
  DEMO_DLL.vcxproj -> \\Mac\Home\Desktop\ANT_PROVA-SDK_PC.3.5_MOD_3\Release\DEMO_DLL.exe
