c:\users\stefa\desktop\file_tesisti\ant_prova-sdk_pc.3.5_consalvataggio\demo_hr_receiver\release\vc142.pdb
c:\users\stefa\desktop\file_tesisti\ant_prova-sdk_pc.3.5_consalvataggio\demo_hr_receiver\release\demo_hr_receiver.obj
c:\users\stefa\desktop\file_tesisti\ant_prova-sdk_pc.3.5_consalvataggio\release\demo_hr_receiver.ipdb
c:\users\stefa\desktop\file_tesisti\ant_prova-sdk_pc.3.5_consalvataggio\release\demo_hr_receiver.iobj
c:\users\stefa\desktop\file_tesisti\ant_prova-sdk_pc.3.5_consalvataggio\release\demo_hr_receiver.exe
c:\users\stefa\desktop\file_tesisti\ant_prova-sdk_pc.3.5_consalvataggio\release\demo_hr_receiver.pdb
c:\users\stefa\desktop\file_tesisti\ant_prova-sdk_pc.3.5_consalvataggio\demo_hr_receiver\release\demo_hr_receiver.res
c:\users\stefano\desktop\ant_con_stop\demo_hr_receiver\release\demo_hr_receiver.obj
c:\users\stefano\desktop\ant_con_stop\demo_hr_receiver\release\demo_hr_receiver.res
c:\users\stefano\desktop\ant_con_stop\demo_hr_receiver\release\vc142.pdb
c:\users\stefano\desktop\ant_con_stop\release\demo_hr_receiver.pdb
c:\users\stefano\desktop\ant_con_stop\release\demo_hr_receiver.exe
c:\users\stefano\desktop\ant_con_stop\demo_hr_receiver\release\demo_hr_receiver.tlog\cl.command.1.tlog
c:\users\stefano\desktop\ant_con_stop\demo_hr_receiver\release\demo_hr_receiver.tlog\cl.read.1.tlog
c:\users\stefano\desktop\ant_con_stop\demo_hr_receiver\release\demo_hr_receiver.tlog\cl.write.1.tlog
c:\users\stefano\desktop\ant_con_stop\demo_hr_receiver\release\demo_hr_receiver.tlog\demo_hr_receiver.write.1u.tlog
c:\users\stefano\desktop\ant_con_stop\demo_hr_receiver\release\demo_hr_receiver.tlog\link.command.1.tlog
c:\users\stefano\desktop\ant_con_stop\demo_hr_receiver\release\demo_hr_receiver.tlog\link.read.1.tlog
c:\users\stefano\desktop\ant_con_stop\demo_hr_receiver\release\demo_hr_receiver.tlog\link.write.1.tlog
c:\users\stefano\desktop\ant_con_stop\demo_hr_receiver\release\demo_hr_receiver.tlog\rc.command.1.tlog
c:\users\stefano\desktop\ant_con_stop\demo_hr_receiver\release\demo_hr_receiver.tlog\rc.read.1.tlog
c:\users\stefano\desktop\ant_con_stop\demo_hr_receiver\release\demo_hr_receiver.tlog\rc.write.1.tlog
