c:\users\stefano\desktop\ant_con_stop\release\ant_wrappedlib.lib
c:\users\stefano\desktop\ant_con_stop\release\ant_wrappedlib.exp
c:\users\stefano\desktop\ant_con_stop\release\ant_wrappedlib.ipdb
c:\users\stefano\desktop\ant_con_stop\release\ant_wrappedlib.iobj
c:\users\stefano\desktop\file_tesisti\ant_ste\release\ant_wrappedlib.lib
c:\users\stefano\desktop\file_tesisti\ant_ste\release\ant_wrappedlib.exp
c:\users\stefano\desktop\file_tesisti\ant_ste\release\ant_wrappedlib.ipdb
c:\users\stefano\desktop\file_tesisti\ant_ste\release\ant_wrappedlib.iobj
c:\users\stefano\desktop\file_tesisti\ant_ste\ant_unmanaged_wrapper\obj\release\vc142.pdb
c:\users\stefano\desktop\file_tesisti\ant_ste\ant_unmanaged_wrapper\obj\release\dll_exports.obj
c:\users\stefano\desktop\ant_con_stop\release\ant_wrappedlib.dll
c:\users\stefano\desktop\ant_con_stop\release\ant_wrappedlib.pdb
c:\users\stefano\desktop\file_tesisti\ant_ste\release\ant_wrappedlib.dll
c:\users\stefano\desktop\file_tesisti\ant_ste\release\ant_wrappedlib.pdb
c:\users\stefano\desktop\file_tesisti\ant_ste\ant_unmanaged_wrapper\obj\release\ant_unmanaged_wrapper.res
c:\users\stefano\desktop\file_tesisti\ant_ste\ant_unmanaged_wrapper\obj\release\ant_unma.9a6b935c.tlog\ant_unmanaged_wrapper.write.1u.tlog
c:\users\stefano\desktop\file_tesisti\ant_ste\ant_unmanaged_wrapper\obj\release\ant_unma.9a6b935c.tlog\cl.command.1.tlog
c:\users\stefano\desktop\file_tesisti\ant_ste\ant_unmanaged_wrapper\obj\release\ant_unma.9a6b935c.tlog\cl.read.1.tlog
c:\users\stefano\desktop\file_tesisti\ant_ste\ant_unmanaged_wrapper\obj\release\ant_unma.9a6b935c.tlog\cl.write.1.tlog
c:\users\stefano\desktop\file_tesisti\ant_ste\ant_unmanaged_wrapper\obj\release\ant_unma.9a6b935c.tlog\link.command.1.tlog
c:\users\stefano\desktop\file_tesisti\ant_ste\ant_unmanaged_wrapper\obj\release\ant_unma.9a6b935c.tlog\link.delete.1.tlog
c:\users\stefano\desktop\file_tesisti\ant_ste\ant_unmanaged_wrapper\obj\release\ant_unma.9a6b935c.tlog\link.read.1.tlog
c:\users\stefano\desktop\file_tesisti\ant_ste\ant_unmanaged_wrapper\obj\release\ant_unma.9a6b935c.tlog\link.write.1.tlog
c:\users\stefano\desktop\file_tesisti\ant_ste\ant_unmanaged_wrapper\obj\release\ant_unma.9a6b935c.tlog\rc.command.1.tlog
c:\users\stefano\desktop\file_tesisti\ant_ste\ant_unmanaged_wrapper\obj\release\ant_unma.9a6b935c.tlog\rc.read.1.tlog
c:\users\stefano\desktop\file_tesisti\ant_ste\ant_unmanaged_wrapper\obj\release\ant_unma.9a6b935c.tlog\rc.write.1.tlog
