c:\users\stefa\desktop\file_tesisti\ant_prova-sdk_pc.3.5_consalvataggio\release\ant_dll.lib
c:\users\stefa\desktop\file_tesisti\ant_prova-sdk_pc.3.5_consalvataggio\release\ant_dll.exp
c:\users\stefa\desktop\file_tesisti\ant_prova-sdk_pc.3.5_consalvataggio\release\ant_dll.ipdb
c:\users\stefa\desktop\file_tesisti\ant_prova-sdk_pc.3.5_consalvataggio\release\ant_dll.iobj
c:\users\stefa\desktop\file_tesisti\ant_prova-sdk_pc.3.5_consalvataggio\ant_dll\release\vc142.pdb
c:\users\stefa\desktop\file_tesisti\ant_prova-sdk_pc.3.5_consalvataggio\ant_dll\release\ant.obj
c:\users\stefa\desktop\file_tesisti\ant_prova-sdk_pc.3.5_consalvataggio\release\ant_dll.dll
c:\users\stefa\desktop\file_tesisti\ant_prova-sdk_pc.3.5_consalvataggio\release\ant_dll.pdb
c:\users\stefa\desktop\file_tesisti\ant_prova-sdk_pc.3.5_consalvataggio\ant_dll\release\ant_dll.res
c:\users\stefano\desktop\ant_con_stop\ant_dll\release\ant.obj
c:\users\stefano\desktop\ant_con_stop\ant_dll\release\ant_dll.res
c:\users\stefano\desktop\ant_con_stop\ant_dll\release\vc142.pdb
c:\users\stefano\desktop\ant_con_stop\release\ant_dll.pdb
c:\users\stefano\desktop\ant_con_stop\release\ant_dll.dll
c:\users\stefano\desktop\ant_con_stop\ant_dll\release\ant_dll.tlog\ant_dll.write.1u.tlog
c:\users\stefano\desktop\ant_con_stop\ant_dll\release\ant_dll.tlog\cl.command.1.tlog
c:\users\stefano\desktop\ant_con_stop\ant_dll\release\ant_dll.tlog\cl.read.1.tlog
c:\users\stefano\desktop\ant_con_stop\ant_dll\release\ant_dll.tlog\cl.write.1.tlog
c:\users\stefano\desktop\ant_con_stop\ant_dll\release\ant_dll.tlog\link.command.1.tlog
c:\users\stefano\desktop\ant_con_stop\ant_dll\release\ant_dll.tlog\link.delete.1.tlog
c:\users\stefano\desktop\ant_con_stop\ant_dll\release\ant_dll.tlog\link.read.1.tlog
c:\users\stefano\desktop\ant_con_stop\ant_dll\release\ant_dll.tlog\link.write.1.tlog
c:\users\stefano\desktop\ant_con_stop\ant_dll\release\ant_dll.tlog\rc.command.1.tlog
c:\users\stefano\desktop\ant_con_stop\ant_dll\release\ant_dll.tlog\rc.read.1.tlog
c:\users\stefano\desktop\ant_con_stop\ant_dll\release\ant_dll.tlog\rc.write.1.tlog
