c:\users\stefa\desktop\file_tesisti\ant_prova-sdk_pc.3.5_consalvataggio\demo_dll\release\vc142.pdb
c:\users\stefa\desktop\file_tesisti\ant_prova-sdk_pc.3.5_consalvataggio\demo_dll\release\libant.obj
c:\users\stefa\desktop\file_tesisti\ant_prova-sdk_pc.3.5_consalvataggio\demo_dll\release\demo.obj
c:\users\stefa\desktop\file_tesisti\ant_prova-sdk_pc.3.5_consalvataggio\release\demo_dll.ipdb
c:\users\stefa\desktop\file_tesisti\ant_prova-sdk_pc.3.5_consalvataggio\release\demo_dll.iobj
c:\users\stefa\desktop\file_tesisti\ant_prova-sdk_pc.3.5_consalvataggio\release\demo_dll.exe
c:\users\stefa\desktop\file_tesisti\ant_prova-sdk_pc.3.5_consalvataggio\release\demo_dll.pdb
c:\users\stefa\desktop\file_tesisti\ant_prova-sdk_pc.3.5_consalvataggio\demo_dll\release\demo_dll.res
c:\users\stefano\desktop\ant_con_stop\demo_dll\release\demo.obj
c:\users\stefano\desktop\ant_con_stop\demo_dll\release\libant.obj
c:\users\stefano\desktop\ant_con_stop\demo_dll\release\demo_dll.res
c:\users\stefano\desktop\ant_con_stop\demo_dll\release\vc142.pdb
c:\users\stefano\desktop\ant_con_stop\release\demo_dll.pdb
c:\users\stefano\desktop\ant_con_stop\release\demo_dll.exe
c:\users\stefano\desktop\ant_con_stop\demo_dll\release\demo_dll.tlog\cl.command.1.tlog
c:\users\stefano\desktop\ant_con_stop\demo_dll\release\demo_dll.tlog\cl.read.1.tlog
c:\users\stefano\desktop\ant_con_stop\demo_dll\release\demo_dll.tlog\cl.write.1.tlog
c:\users\stefano\desktop\ant_con_stop\demo_dll\release\demo_dll.tlog\demo_dll.write.1u.tlog
c:\users\stefano\desktop\ant_con_stop\demo_dll\release\demo_dll.tlog\link.command.1.tlog
c:\users\stefano\desktop\ant_con_stop\demo_dll\release\demo_dll.tlog\link.read.1.tlog
c:\users\stefano\desktop\ant_con_stop\demo_dll\release\demo_dll.tlog\link.write.1.tlog
c:\users\stefano\desktop\ant_con_stop\demo_dll\release\demo_dll.tlog\rc.command.1.tlog
c:\users\stefano\desktop\ant_con_stop\demo_dll\release\demo_dll.tlog\rc.read.1.tlog
c:\users\stefano\desktop\ant_con_stop\demo_dll\release\demo_dll.tlog\rc.write.1.tlog
