\\mac\home\downloads\ant-sdk_pc.3.5_1_mod\demo_hr_transmitter\debug\vc142.pdb
\\mac\home\downloads\ant-sdk_pc.3.5_1_mod\demo_hr_transmitter\debug\vc142.idb
\\mac\home\downloads\ant-sdk_pc.3.5_1_mod\demo_hr_transmitter\debug\demo_hr_transmitter.obj
\\mac\home\downloads\ant-sdk_pc.3.5_1_mod\debug\demo_hr_transmitter.ilk
\\mac\home\downloads\ant-sdk_pc.3.5_1_mod\debug\demo_hr_transmitter.exe
\\mac\home\downloads\ant-sdk_pc.3.5_1_mod\debug\demo_hr_transmitter.pdb
\\mac\home\downloads\ant-sdk_pc.3.5_1_mod\demo_hr_transmitter\debug\demo_hr_transmitter.res
c:\users\lorenzo\documents\university\tesi magistrale\gestione ant\ant_prova-sdk_pc.3.5_consalvataggio\demo_hr_transmitter\debug\demo_hr_transmitter.obj
c:\users\lorenzo\documents\university\tesi magistrale\gestione ant\ant_prova-sdk_pc.3.5_consalvataggio\demo_hr_transmitter\debug\demo_hr_transmitter.res
c:\users\lorenzo\documents\university\tesi magistrale\gestione ant\ant_prova-sdk_pc.3.5_consalvataggio\demo_hr_transmitter\debug\vc142.idb
c:\users\lorenzo\documents\university\tesi magistrale\gestione ant\ant_prova-sdk_pc.3.5_consalvataggio\demo_hr_transmitter\debug\vc142.pdb
c:\users\lorenzo\documents\university\tesi magistrale\gestione ant\ant_prova-sdk_pc.3.5_consalvataggio\debug\demo_hr_transmitter.pdb
c:\users\lorenzo\documents\university\tesi magistrale\gestione ant\ant_prova-sdk_pc.3.5_consalvataggio\debug\demo_hr_transmitter.exe
c:\users\lorenzo\documents\university\tesi magistrale\gestione ant\ant_prova-sdk_pc.3.5_consalvataggio\debug\demo_hr_transmitter.ilk
c:\users\lorenzo\documents\university\tesi magistrale\gestione ant\ant_prova-sdk_pc.3.5_consalvataggio\demo_hr_transmitter\debug\demo_hr_.6c281d9f.tlog\cl.command.1.tlog
c:\users\lorenzo\documents\university\tesi magistrale\gestione ant\ant_prova-sdk_pc.3.5_consalvataggio\demo_hr_transmitter\debug\demo_hr_.6c281d9f.tlog\cl.read.1.tlog
c:\users\lorenzo\documents\university\tesi magistrale\gestione ant\ant_prova-sdk_pc.3.5_consalvataggio\demo_hr_transmitter\debug\demo_hr_.6c281d9f.tlog\cl.write.1.tlog
c:\users\lorenzo\documents\university\tesi magistrale\gestione ant\ant_prova-sdk_pc.3.5_consalvataggio\demo_hr_transmitter\debug\demo_hr_.6c281d9f.tlog\link.command.1.tlog
c:\users\lorenzo\documents\university\tesi magistrale\gestione ant\ant_prova-sdk_pc.3.5_consalvataggio\demo_hr_transmitter\debug\demo_hr_.6c281d9f.tlog\link.read.1.tlog
c:\users\lorenzo\documents\university\tesi magistrale\gestione ant\ant_prova-sdk_pc.3.5_consalvataggio\demo_hr_transmitter\debug\demo_hr_.6c281d9f.tlog\link.write.1.tlog
c:\users\lorenzo\documents\university\tesi magistrale\gestione ant\ant_prova-sdk_pc.3.5_consalvataggio\demo_hr_transmitter\debug\demo_hr_.6c281d9f.tlog\rc.command.1.tlog
c:\users\lorenzo\documents\university\tesi magistrale\gestione ant\ant_prova-sdk_pc.3.5_consalvataggio\demo_hr_transmitter\debug\demo_hr_.6c281d9f.tlog\rc.read.1.tlog
c:\users\lorenzo\documents\university\tesi magistrale\gestione ant\ant_prova-sdk_pc.3.5_consalvataggio\demo_hr_transmitter\debug\demo_hr_.6c281d9f.tlog\rc.write.1.tlog
