\\mac\home\downloads\ant-sdk_pc.3.5_1_mod\debug\ant_dll.lib
\\mac\home\downloads\ant-sdk_pc.3.5_1_mod\debug\ant_dll.exp
\\mac\home\downloads\ant-sdk_pc.3.5_1_mod\ant_dll\debug\vc142.pdb
\\mac\home\downloads\ant-sdk_pc.3.5_1_mod\ant_dll\debug\vc142.idb
\\mac\home\downloads\ant-sdk_pc.3.5_1_mod\ant_dll\debug\ant.obj
\\mac\home\downloads\ant-sdk_pc.3.5_1_mod\debug\ant_dll.ilk
\\mac\home\downloads\ant-sdk_pc.3.5_1_mod\debug\ant_dll.dll
\\mac\home\downloads\ant-sdk_pc.3.5_1_mod\debug\ant_dll.pdb
\\mac\home\downloads\ant-sdk_pc.3.5_1_mod\ant_dll\debug\ant_dll.res
c:\users\lorenzo\documents\university\tesi magistrale\gestione ant\ant_prova-sdk_pc.3.5_consalvataggio\ant_dll\debug\ant.obj
c:\users\lorenzo\documents\university\tesi magistrale\gestione ant\ant_prova-sdk_pc.3.5_consalvataggio\ant_dll\debug\ant_dll.res
c:\users\lorenzo\documents\university\tesi magistrale\gestione ant\ant_prova-sdk_pc.3.5_consalvataggio\ant_dll\debug\vc142.idb
c:\users\lorenzo\documents\university\tesi magistrale\gestione ant\ant_prova-sdk_pc.3.5_consalvataggio\ant_dll\debug\vc142.pdb
c:\users\lorenzo\documents\university\tesi magistrale\gestione ant\ant_prova-sdk_pc.3.5_consalvataggio\debug\ant_dll.pdb
c:\users\lorenzo\documents\university\tesi magistrale\gestione ant\ant_prova-sdk_pc.3.5_consalvataggio\debug\ant_dll.dll
c:\users\lorenzo\documents\university\tesi magistrale\gestione ant\ant_prova-sdk_pc.3.5_consalvataggio\debug\ant_dll.ilk
c:\users\lorenzo\documents\university\tesi magistrale\gestione ant\ant_prova-sdk_pc.3.5_consalvataggio\ant_dll\debug\ant_dll.tlog\ant_dll.write.1u.tlog
c:\users\lorenzo\documents\university\tesi magistrale\gestione ant\ant_prova-sdk_pc.3.5_consalvataggio\ant_dll\debug\ant_dll.tlog\cl.command.1.tlog
c:\users\lorenzo\documents\university\tesi magistrale\gestione ant\ant_prova-sdk_pc.3.5_consalvataggio\ant_dll\debug\ant_dll.tlog\cl.read.1.tlog
c:\users\lorenzo\documents\university\tesi magistrale\gestione ant\ant_prova-sdk_pc.3.5_consalvataggio\ant_dll\debug\ant_dll.tlog\cl.write.1.tlog
c:\users\lorenzo\documents\university\tesi magistrale\gestione ant\ant_prova-sdk_pc.3.5_consalvataggio\ant_dll\debug\ant_dll.tlog\link.command.1.tlog
c:\users\lorenzo\documents\university\tesi magistrale\gestione ant\ant_prova-sdk_pc.3.5_consalvataggio\ant_dll\debug\ant_dll.tlog\link.read.1.tlog
c:\users\lorenzo\documents\university\tesi magistrale\gestione ant\ant_prova-sdk_pc.3.5_consalvataggio\ant_dll\debug\ant_dll.tlog\link.write.1.tlog
c:\users\lorenzo\documents\university\tesi magistrale\gestione ant\ant_prova-sdk_pc.3.5_consalvataggio\ant_dll\debug\ant_dll.tlog\rc.command.1.tlog
c:\users\lorenzo\documents\university\tesi magistrale\gestione ant\ant_prova-sdk_pc.3.5_consalvataggio\ant_dll\debug\ant_dll.tlog\rc.read.1.tlog
c:\users\lorenzo\documents\university\tesi magistrale\gestione ant\ant_prova-sdk_pc.3.5_consalvataggio\ant_dll\debug\ant_dll.tlog\rc.write.1.tlog
