\\mac\home\downloads\ant-sdk_pc.3.5_1_mod\demo_hr_receiver\debug\vc142.pdb
\\mac\home\downloads\ant-sdk_pc.3.5_1_mod\demo_hr_receiver\debug\vc142.idb
\\mac\home\downloads\ant-sdk_pc.3.5_1_mod\demo_hr_receiver\debug\demo_hr_receiver.obj
\\mac\home\downloads\ant-sdk_pc.3.5_1_mod\debug\demo_hr_receiver.ilk
\\mac\home\downloads\ant-sdk_pc.3.5_1_mod\debug\demo_hr_receiver.exe
\\mac\home\downloads\ant-sdk_pc.3.5_1_mod\debug\demo_hr_receiver.pdb
\\mac\home\downloads\ant-sdk_pc.3.5_1_mod\demo_hr_receiver\debug\demo_hr_receiver.res
c:\users\lorenzo\documents\university\tesi magistrale\gestione ant\ant_prova-sdk_pc.3.5_consalvataggio\demo_hr_receiver\debug\demo_hr_receiver.obj
c:\users\lorenzo\documents\university\tesi magistrale\gestione ant\ant_prova-sdk_pc.3.5_consalvataggio\demo_hr_receiver\debug\demo_hr_receiver.res
c:\users\lorenzo\documents\university\tesi magistrale\gestione ant\ant_prova-sdk_pc.3.5_consalvataggio\demo_hr_receiver\debug\vc142.idb
c:\users\lorenzo\documents\university\tesi magistrale\gestione ant\ant_prova-sdk_pc.3.5_consalvataggio\demo_hr_receiver\debug\vc142.pdb
c:\users\lorenzo\documents\university\tesi magistrale\gestione ant\ant_prova-sdk_pc.3.5_consalvataggio\debug\demo_hr_receiver.pdb
c:\users\lorenzo\documents\university\tesi magistrale\gestione ant\ant_prova-sdk_pc.3.5_consalvataggio\debug\demo_hr_receiver.exe
c:\users\lorenzo\documents\university\tesi magistrale\gestione ant\ant_prova-sdk_pc.3.5_consalvataggio\debug\demo_hr_receiver.ilk
c:\users\lorenzo\documents\university\tesi magistrale\gestione ant\ant_prova-sdk_pc.3.5_consalvataggio\demo_hr_receiver\debug\demo_hr_receiver.tlog\cl.command.1.tlog
c:\users\lorenzo\documents\university\tesi magistrale\gestione ant\ant_prova-sdk_pc.3.5_consalvataggio\demo_hr_receiver\debug\demo_hr_receiver.tlog\cl.read.1.tlog
c:\users\lorenzo\documents\university\tesi magistrale\gestione ant\ant_prova-sdk_pc.3.5_consalvataggio\demo_hr_receiver\debug\demo_hr_receiver.tlog\cl.write.1.tlog
c:\users\lorenzo\documents\university\tesi magistrale\gestione ant\ant_prova-sdk_pc.3.5_consalvataggio\demo_hr_receiver\debug\demo_hr_receiver.tlog\link.command.1.tlog
c:\users\lorenzo\documents\university\tesi magistrale\gestione ant\ant_prova-sdk_pc.3.5_consalvataggio\demo_hr_receiver\debug\demo_hr_receiver.tlog\link.read.1.tlog
c:\users\lorenzo\documents\university\tesi magistrale\gestione ant\ant_prova-sdk_pc.3.5_consalvataggio\demo_hr_receiver\debug\demo_hr_receiver.tlog\link.write.1.tlog
c:\users\lorenzo\documents\university\tesi magistrale\gestione ant\ant_prova-sdk_pc.3.5_consalvataggio\demo_hr_receiver\debug\demo_hr_receiver.tlog\rc.command.1.tlog
c:\users\lorenzo\documents\university\tesi magistrale\gestione ant\ant_prova-sdk_pc.3.5_consalvataggio\demo_hr_receiver\debug\demo_hr_receiver.tlog\rc.read.1.tlog
c:\users\lorenzo\documents\university\tesi magistrale\gestione ant\ant_prova-sdk_pc.3.5_consalvataggio\demo_hr_receiver\debug\demo_hr_receiver.tlog\rc.write.1.tlog
