\\mac\aurelia\tesi\ant_prova-sdk_pc.3.5_consalvataggio\ant_lib\release\ant_lib.pdb
\\mac\aurelia\tesi\ant_prova-sdk_pc.3.5_consalvataggio\ant_lib\release\usb_device_handle_libusb.obj
\\mac\aurelia\tesi\ant_prova-sdk_pc.3.5_consalvataggio\ant_lib\release\usb_device.obj
\\mac\aurelia\tesi\ant_prova-sdk_pc.3.5_consalvataggio\ant_lib\release\dsi_timer.obj
\\mac\aurelia\tesi\ant_prova-sdk_pc.3.5_consalvataggio\ant_lib\release\dsi_silabs_library.obj
\\mac\aurelia\tesi\ant_prova-sdk_pc.3.5_consalvataggio\ant_lib\release\dsi_serial_vcp.obj
\\mac\aurelia\tesi\ant_prova-sdk_pc.3.5_consalvataggio\ant_lib\release\dsi_serial_si.obj
\\mac\aurelia\tesi\ant_prova-sdk_pc.3.5_consalvataggio\ant_lib\release\dsi_serial_libusb.obj
\\mac\aurelia\tesi\ant_prova-sdk_pc.3.5_consalvataggio\ant_lib\release\dsi_serial_generic.obj
\\mac\aurelia\tesi\ant_prova-sdk_pc.3.5_consalvataggio\ant_lib\release\dsi_serial.obj
\\mac\aurelia\tesi\ant_prova-sdk_pc.3.5_consalvataggio\ant_lib\release\dsi_libusb_library.obj
\\mac\aurelia\tesi\ant_prova-sdk_pc.3.5_consalvataggio\ant_lib\release\dsi_framer_integrated_antfs_client.obj
\\mac\aurelia\tesi\ant_prova-sdk_pc.3.5_consalvataggio\ant_lib\release\dsi_framer_ant.obj
\\mac\aurelia\tesi\ant_prova-sdk_pc.3.5_consalvataggio\ant_lib\release\dsi_framer.obj
\\mac\aurelia\tesi\ant_prova-sdk_pc.3.5_consalvataggio\ant_lib\release\dsi_debug.obj
\\mac\aurelia\tesi\ant_prova-sdk_pc.3.5_consalvataggio\ant_lib\release\dsi_ant_device_polling.obj
\\mac\aurelia\tesi\ant_prova-sdk_pc.3.5_consalvataggio\ant_lib\release\dsi_cm_library.obj
\\mac\aurelia\tesi\ant_prova-sdk_pc.3.5_consalvataggio\ant_lib\release\dsi_ant_device.obj
\\mac\aurelia\tesi\ant_prova-sdk_pc.3.5_consalvataggio\ant_lib\release\antfs_host_channel.obj
\\mac\aurelia\tesi\ant_prova-sdk_pc.3.5_consalvataggio\ant_lib\release\antfs_host.obj
\\mac\aurelia\tesi\ant_prova-sdk_pc.3.5_consalvataggio\ant_lib\release\antfs_client_channel.obj
\\mac\aurelia\tesi\ant_prova-sdk_pc.3.5_consalvataggio\ant_lib\release\windevice.obj
\\mac\aurelia\tesi\ant_prova-sdk_pc.3.5_consalvataggio\ant_lib\release\usb_device_si.obj
\\mac\aurelia\tesi\ant_prova-sdk_pc.3.5_consalvataggio\ant_lib\release\usb_device_libusb.obj
\\mac\aurelia\tesi\ant_prova-sdk_pc.3.5_consalvataggio\ant_lib\release\usb_device_handle_win.obj
\\mac\aurelia\tesi\ant_prova-sdk_pc.3.5_consalvataggio\ant_lib\release\usb_device_handle_si.obj
\\mac\aurelia\tesi\ant_prova-sdk_pc.3.5_consalvataggio\ant_lib\release\macros.obj
\\mac\aurelia\tesi\ant_prova-sdk_pc.3.5_consalvataggio\ant_lib\release\dsi_thread_win32.obj
\\mac\aurelia\tesi\ant_prova-sdk_pc.3.5_consalvataggio\ant_lib\release\dsi_convert.obj
\\mac\aurelia\tesi\ant_prova-sdk_pc.3.5_consalvataggio\ant_lib\release\crc.obj
\\mac\aurelia\tesi\ant_prova-sdk_pc.3.5_consalvataggio\ant_lib\release\checksum.obj
\\mac\aurelia\tesi\ant_prova-sdk_pc.3.5_consalvataggio\ant_lib\release\antfs_directory.obj
\\mac\aurelia\tesi\ant_prova-sdk_pc.3.5_consalvataggio\release\ant_lib.lib
\\mac\aurelia\tesi\ant_prova-sdk_pc.3.5_consalvataggio\ant_lib\release\ant_lib.tlog\cl.read.1.tlog
\\mac\aurelia\tesi\ant_prova-sdk_pc.3.5_consalvataggio\ant_lib\release\ant_lib.tlog\cl.write.1.tlog
\\mac\aurelia\tesi\ant_prova-sdk_pc.3.5_consalvataggio\ant_lib\release\ant_lib.tlog\cl.command.1.tlog
\\mac\aurelia\tesi\ant_prova-sdk_pc.3.5_consalvataggio\ant_lib\release\ant_lib.tlog\lib.command.1.tlog
\\mac\aurelia\tesi\ant_prova-sdk_pc.3.5_consalvataggio\ant_lib\release\ant_lib.tlog\lib-link.write.1.tlog
\\mac\aurelia\tesi\ant_prova-sdk_pc.3.5_consalvataggio\ant_lib\release\ant_lib.tlog\lib.read.1.tlog
