c:\users\stefano\desktop\file_tesisti\ant_ste\ant_lib\release\ant_lib.pdb
c:\users\stefano\desktop\file_tesisti\ant_ste\ant_lib\release\usb_device_handle_libusb.obj
c:\users\stefano\desktop\file_tesisti\ant_ste\ant_lib\release\usb_device.obj
c:\users\stefano\desktop\file_tesisti\ant_ste\ant_lib\release\dsi_timer.obj
c:\users\stefano\desktop\file_tesisti\ant_ste\ant_lib\release\dsi_silabs_library.obj
c:\users\stefano\desktop\file_tesisti\ant_ste\ant_lib\release\dsi_serial_vcp.obj
c:\users\stefano\desktop\file_tesisti\ant_ste\ant_lib\release\dsi_serial_si.obj
c:\users\stefano\desktop\file_tesisti\ant_ste\ant_lib\release\dsi_serial_libusb.obj
c:\users\stefano\desktop\file_tesisti\ant_ste\ant_lib\release\dsi_serial_generic.obj
c:\users\stefano\desktop\file_tesisti\ant_ste\ant_lib\release\dsi_serial.obj
c:\users\stefano\desktop\file_tesisti\ant_ste\ant_lib\release\dsi_libusb_library.obj
c:\users\stefano\desktop\file_tesisti\ant_ste\ant_lib\release\dsi_framer_integrated_antfs_client.obj
c:\users\stefano\desktop\file_tesisti\ant_ste\ant_lib\release\dsi_framer_ant.obj
c:\users\stefano\desktop\file_tesisti\ant_ste\ant_lib\release\dsi_framer.obj
c:\users\stefano\desktop\file_tesisti\ant_ste\ant_lib\release\dsi_debug.obj
c:\users\stefano\desktop\file_tesisti\ant_ste\ant_lib\release\dsi_ant_device_polling.obj
c:\users\stefano\desktop\file_tesisti\ant_ste\ant_lib\release\dsi_cm_library.obj
c:\users\stefano\desktop\file_tesisti\ant_ste\ant_lib\release\dsi_ant_device.obj
c:\users\stefano\desktop\file_tesisti\ant_ste\ant_lib\release\antfs_host_channel.obj
c:\users\stefano\desktop\file_tesisti\ant_ste\ant_lib\release\antfs_host.obj
c:\users\stefano\desktop\file_tesisti\ant_ste\ant_lib\release\antfs_client_channel.obj
c:\users\stefano\desktop\file_tesisti\ant_ste\ant_lib\release\windevice.obj
c:\users\stefano\desktop\file_tesisti\ant_ste\ant_lib\release\usb_device_si.obj
c:\users\stefano\desktop\file_tesisti\ant_ste\ant_lib\release\usb_device_libusb.obj
c:\users\stefano\desktop\file_tesisti\ant_ste\ant_lib\release\usb_device_handle_win.obj
c:\users\stefano\desktop\file_tesisti\ant_ste\ant_lib\release\usb_device_handle_si.obj
c:\users\stefano\desktop\file_tesisti\ant_ste\ant_lib\release\macros.obj
c:\users\stefano\desktop\file_tesisti\ant_ste\ant_lib\release\dsi_thread_win32.obj
c:\users\stefano\desktop\file_tesisti\ant_ste\ant_lib\release\dsi_convert.obj
c:\users\stefano\desktop\file_tesisti\ant_ste\ant_lib\release\crc.obj
c:\users\stefano\desktop\file_tesisti\ant_ste\ant_lib\release\checksum.obj
c:\users\stefano\desktop\file_tesisti\ant_ste\ant_lib\release\antfs_directory.obj
c:\users\stefano\desktop\ant_con_stop\release\ant_lib.lib
c:\users\stefano\desktop\file_tesisti\ant_ste\release\ant_lib.lib
c:\users\stefano\desktop\file_tesisti\ant_ste\ant_lib\release\ant_lib.tlog\cl.command.1.tlog
c:\users\stefano\desktop\file_tesisti\ant_ste\ant_lib\release\ant_lib.tlog\cl.read.1.tlog
c:\users\stefano\desktop\file_tesisti\ant_ste\ant_lib\release\ant_lib.tlog\cl.write.1.tlog
c:\users\stefano\desktop\file_tesisti\ant_ste\ant_lib\release\ant_lib.tlog\lib-link.read.1.tlog
c:\users\stefano\desktop\file_tesisti\ant_ste\ant_lib\release\ant_lib.tlog\lib-link.write.1.tlog
c:\users\stefano\desktop\file_tesisti\ant_ste\ant_lib\release\ant_lib.tlog\lib.command.1.tlog
