\\mac\home\downloads\ant-sdk_pc.3.5_1_mod\demo_dll\debug\vc142.pdb
\\mac\home\downloads\ant-sdk_pc.3.5_1_mod\demo_dll\debug\vc142.idb
\\mac\home\downloads\ant-sdk_pc.3.5_1_mod\demo_dll\debug\demo.obj
\\mac\home\downloads\ant-sdk_pc.3.5_1_mod\demo_dll\debug\libant.obj
\\mac\home\downloads\ant-sdk_pc.3.5_1_mod\debug\demo_dll.ilk
\\mac\home\downloads\ant-sdk_pc.3.5_1_mod\debug\demo_dll.exe
\\mac\home\downloads\ant-sdk_pc.3.5_1_mod\debug\demo_dll.pdb
\\mac\home\downloads\ant-sdk_pc.3.5_1_mod\demo_dll\debug\demo_dll.res
c:\users\lorenzo\documents\university\tesi magistrale\gestione ant\ant_prova-sdk_pc.3.5_consalvataggio\demo_dll\debug\demo.obj
c:\users\lorenzo\documents\university\tesi magistrale\gestione ant\ant_prova-sdk_pc.3.5_consalvataggio\demo_dll\debug\libant.obj
c:\users\lorenzo\documents\university\tesi magistrale\gestione ant\ant_prova-sdk_pc.3.5_consalvataggio\demo_dll\debug\demo_dll.res
c:\users\lorenzo\documents\university\tesi magistrale\gestione ant\ant_prova-sdk_pc.3.5_consalvataggio\demo_dll\debug\vc142.idb
c:\users\lorenzo\documents\university\tesi magistrale\gestione ant\ant_prova-sdk_pc.3.5_consalvataggio\demo_dll\debug\vc142.pdb
c:\users\lorenzo\documents\university\tesi magistrale\gestione ant\ant_prova-sdk_pc.3.5_consalvataggio\debug\demo_dll.pdb
c:\users\lorenzo\documents\university\tesi magistrale\gestione ant\ant_prova-sdk_pc.3.5_consalvataggio\debug\demo_dll.exe
c:\users\lorenzo\documents\university\tesi magistrale\gestione ant\ant_prova-sdk_pc.3.5_consalvataggio\debug\demo_dll.ilk
c:\users\lorenzo\documents\university\tesi magistrale\gestione ant\ant_prova-sdk_pc.3.5_consalvataggio\demo_dll\debug\demo_dll.tlog\cl.command.1.tlog
c:\users\lorenzo\documents\university\tesi magistrale\gestione ant\ant_prova-sdk_pc.3.5_consalvataggio\demo_dll\debug\demo_dll.tlog\cl.read.1.tlog
c:\users\lorenzo\documents\university\tesi magistrale\gestione ant\ant_prova-sdk_pc.3.5_consalvataggio\demo_dll\debug\demo_dll.tlog\cl.write.1.tlog
c:\users\lorenzo\documents\university\tesi magistrale\gestione ant\ant_prova-sdk_pc.3.5_consalvataggio\demo_dll\debug\demo_dll.tlog\link.command.1.tlog
c:\users\lorenzo\documents\university\tesi magistrale\gestione ant\ant_prova-sdk_pc.3.5_consalvataggio\demo_dll\debug\demo_dll.tlog\link.read.1.tlog
c:\users\lorenzo\documents\university\tesi magistrale\gestione ant\ant_prova-sdk_pc.3.5_consalvataggio\demo_dll\debug\demo_dll.tlog\link.write.1.tlog
c:\users\lorenzo\documents\university\tesi magistrale\gestione ant\ant_prova-sdk_pc.3.5_consalvataggio\demo_dll\debug\demo_dll.tlog\rc.command.1.tlog
c:\users\lorenzo\documents\university\tesi magistrale\gestione ant\ant_prova-sdk_pc.3.5_consalvataggio\demo_dll\debug\demo_dll.tlog\rc.read.1.tlog
c:\users\lorenzo\documents\university\tesi magistrale\gestione ant\ant_prova-sdk_pc.3.5_consalvataggio\demo_dll\debug\demo_dll.tlog\rc.write.1.tlog
