c:\users\stefa\desktop\file_tesisti\ant_prova-sdk_pc.3.5_consalvataggio\demo_hr_transmitter\release\vc142.pdb
c:\users\stefa\desktop\file_tesisti\ant_prova-sdk_pc.3.5_consalvataggio\demo_hr_transmitter\release\demo_hr_transmitter.obj
c:\users\stefa\desktop\file_tesisti\ant_prova-sdk_pc.3.5_consalvataggio\release\demo_hr_transmitter.ipdb
c:\users\stefa\desktop\file_tesisti\ant_prova-sdk_pc.3.5_consalvataggio\release\demo_hr_transmitter.iobj
c:\users\stefa\desktop\file_tesisti\ant_prova-sdk_pc.3.5_consalvataggio\release\demo_hr_transmitter.exe
c:\users\stefa\desktop\file_tesisti\ant_prova-sdk_pc.3.5_consalvataggio\release\demo_hr_transmitter.pdb
c:\users\stefa\desktop\file_tesisti\ant_prova-sdk_pc.3.5_consalvataggio\demo_hr_transmitter\release\demo_hr_transmitter.res
c:\users\stefano\desktop\ant_con_stop\demo_hr_transmitter\release\demo_hr_transmitter.obj
c:\users\stefano\desktop\ant_con_stop\demo_hr_transmitter\release\demo_hr_transmitter.res
c:\users\stefano\desktop\ant_con_stop\demo_hr_transmitter\release\vc142.pdb
c:\users\stefano\desktop\ant_con_stop\release\demo_hr_transmitter.pdb
c:\users\stefano\desktop\ant_con_stop\release\demo_hr_transmitter.exe
c:\users\stefano\desktop\ant_con_stop\demo_hr_transmitter\release\demo_hr_.6c281d9f.tlog\cl.command.1.tlog
c:\users\stefano\desktop\ant_con_stop\demo_hr_transmitter\release\demo_hr_.6c281d9f.tlog\cl.read.1.tlog
c:\users\stefano\desktop\ant_con_stop\demo_hr_transmitter\release\demo_hr_.6c281d9f.tlog\cl.write.1.tlog
c:\users\stefano\desktop\ant_con_stop\demo_hr_transmitter\release\demo_hr_.6c281d9f.tlog\demo_hr_transmitter.write.1u.tlog
c:\users\stefano\desktop\ant_con_stop\demo_hr_transmitter\release\demo_hr_.6c281d9f.tlog\link.command.1.tlog
c:\users\stefano\desktop\ant_con_stop\demo_hr_transmitter\release\demo_hr_.6c281d9f.tlog\link.read.1.tlog
c:\users\stefano\desktop\ant_con_stop\demo_hr_transmitter\release\demo_hr_.6c281d9f.tlog\link.write.1.tlog
c:\users\stefano\desktop\ant_con_stop\demo_hr_transmitter\release\demo_hr_.6c281d9f.tlog\rc.command.1.tlog
c:\users\stefano\desktop\ant_con_stop\demo_hr_transmitter\release\demo_hr_.6c281d9f.tlog\rc.read.1.tlog
c:\users\stefano\desktop\ant_con_stop\demo_hr_transmitter\release\demo_hr_.6c281d9f.tlog\rc.write.1.tlog
